<?xml version="1.0" encoding="UTF-8"?>
<coverage generated="1704051212642" clover="3.2.0">
  <project timestamp="1704051212642" name="All files">
    <metrics statements="53" coveredstatements="53" conditionals="10" coveredconditionals="10" methods="4" coveredmethods="4" elements="67" coveredelements="67" complexity="0" loc="53" ncloc="53" packages="1" files="1" classes="1"/>
    <file name="Calculator.jsx" path="/home/rafaelejosi/Projetos React/1_calculadora/calculadora/src/components/Calculator.jsx">
      <metrics statements="53" coveredstatements="53" conditionals="10" coveredconditionals="10" methods="4" coveredmethods="4"/>
      <line num="1" count="1" type="stmt"/>
      <line num="2" count="1" type="stmt"/>
      <line num="3" count="1" type="stmt"/>
      <line num="4" count="1" type="cond" truecount="1" falsecount="0"/>
      <line num="5" count="20" type="stmt"/>
      <line num="6" count="20" type="stmt"/>
      <line num="7" count="20" type="stmt"/>
      <line num="8" count="20" type="stmt"/>
      <line num="9" count="20" type="stmt"/>
      <line num="10" count="20" type="stmt"/>
      <line num="11" count="20" type="cond" truecount="1" falsecount="0"/>
      <line num="12" count="13" type="cond" truecount="1" falsecount="0"/>
      <line num="13" count="13" type="cond" truecount="1" falsecount="0"/>
      <line num="14" count="2" type="stmt"/>
      <line num="15" count="13" type="cond" truecount="1" falsecount="0"/>
      <line num="16" count="11" type="stmt"/>
      <line num="17" count="11" type="stmt"/>
      <line num="18" count="13" type="stmt"/>
      <line num="19" count="13" type="cond" truecount="1" falsecount="0"/>
      <line num="20" count="13" type="stmt"/>
      <line num="21" count="20" type="cond" truecount="1" falsecount="0"/>
      <line num="22" count="1" type="stmt"/>
      <line num="23" count="1" type="stmt"/>
      <line num="24" count="1" type="stmt"/>
      <line num="25" count="1" type="stmt"/>
      <line num="26" count="1" type="stmt"/>
      <line num="27" count="20" type="stmt"/>
      <line num="28" count="20" type="stmt"/>
      <line num="29" count="20" type="stmt"/>
      <line num="30" count="20" type="stmt"/>
      <line num="31" count="20" type="stmt"/>
      <line num="32" count="20" type="stmt"/>
      <line num="33" count="20" type="stmt"/>
      <line num="34" count="20" type="stmt"/>
      <line num="35" count="20" type="cond" truecount="1" falsecount="0"/>
      <line num="36" count="200" type="stmt"/>
      <line num="37" count="200" type="stmt"/>
      <line num="38" count="200" type="stmt"/>
      <line num="39" count="200" type="cond" truecount="1" falsecount="0"/>
      <line num="40" count="200" type="stmt"/>
      <line num="41" count="200" type="stmt"/>
      <line num="42" count="200" type="stmt"/>
      <line num="43" count="20" type="stmt"/>
      <line num="44" count="20" type="cond" truecount="1" falsecount="0"/>
      <line num="45" count="80" type="stmt"/>
      <line num="46" count="20" type="stmt"/>
      <line num="47" count="20" type="stmt"/>
      <line num="48" count="20" type="stmt"/>
      <line num="49" count="20" type="stmt"/>
      <line num="50" count="20" type="stmt"/>
      <line num="51" count="20" type="stmt"/>
      <line num="52" count="1" type="stmt"/>
      <line num="53" count="1" type="stmt"/>
    </file>
  </project>
</coverage>
