{"/home/rafaelejosi/Projetos React/1_calculadora/calculadora/src/components/Calculator.jsx": {"path":"/home/rafaelejosi/Projetos React/1_calculadora/calculadora/src/components/Calculator.jsx","all":false,"statementMap":{"0":{"start":{"line":1,"column":0},"end":{"line":1,"column":39}},"1":{"start":{"line":2,"column":0},"end":{"line":2,"column":25}},"2":{"start":{"line":3,"column":0},"end":{"line":3,"column":0}},"3":{"start":{"line":4,"column":0},"end":{"line":4,"column":26}},"4":{"start":{"line":5,"column":0},"end":{"line":5,"column":55}},"5":{"start":{"line":6,"column":0},"end":{"line":6,"column":64}},"6":{"start":{"line":7,"column":0},"end":{"line":7,"column":56}},"7":{"start":{"line":8,"column":0},"end":{"line":8,"column":64}},"8":{"start":{"line":9,"column":0},"end":{"line":9,"column":74}},"9":{"start":{"line":10,"column":0},"end":{"line":10,"column":41}},"10":{"start":{"line":11,"column":0},"end":{"line":11,"column":32}},"11":{"start":{"line":12,"column":0},"end":{"line":12,"column":36}},"12":{"start":{"line":13,"column":0},"end":{"line":13,"column":30}},"13":{"start":{"line":14,"column":0},"end":{"line":14,"column":18}},"14":{"start":{"line":15,"column":0},"end":{"line":15,"column":14}},"15":{"start":{"line":16,"column":0},"end":{"line":16,"column":30}},"16":{"start":{"line":17,"column":0},"end":{"line":17,"column":7}},"17":{"start":{"line":18,"column":0},"end":{"line":18,"column":6}},"18":{"start":{"line":19,"column":0},"end":{"line":19,"column":64}},"19":{"start":{"line":20,"column":0},"end":{"line":20,"column":3}},"20":{"start":{"line":21,"column":0},"end":{"line":21,"column":29}},"21":{"start":{"line":22,"column":0},"end":{"line":22,"column":24}},"22":{"start":{"line":23,"column":0},"end":{"line":23,"column":29}},"23":{"start":{"line":24,"column":0},"end":{"line":24,"column":25}},"24":{"start":{"line":25,"column":0},"end":{"line":25,"column":28}},"25":{"start":{"line":26,"column":0},"end":{"line":26,"column":3}},"26":{"start":{"line":27,"column":0},"end":{"line":27,"column":10}},"27":{"start":{"line":28,"column":0},"end":{"line":28,"column":32}},"28":{"start":{"line":29,"column":0},"end":{"line":29,"column":67}},"29":{"start":{"line":30,"column":0},"end":{"line":30,"column":55}},"30":{"start":{"line":31,"column":0},"end":{"line":31,"column":22}},"31":{"start":{"line":32,"column":0},"end":{"line":32,"column":12}},"32":{"start":{"line":33,"column":0},"end":{"line":33,"column":31}},"33":{"start":{"line":34,"column":0},"end":{"line":34,"column":49}},"34":{"start":{"line":35,"column":0},"end":{"line":35,"column":37}},"35":{"start":{"line":36,"column":0},"end":{"line":36,"column":17}},"36":{"start":{"line":37,"column":0},"end":{"line":37,"column":21}},"37":{"start":{"line":38,"column":0},"end":{"line":38,"column":41}},"38":{"start":{"line":39,"column":0},"end":{"line":39,"column":44}},"39":{"start":{"line":40,"column":0},"end":{"line":40,"column":11}},"40":{"start":{"line":41,"column":0},"end":{"line":41,"column":17}},"41":{"start":{"line":42,"column":0},"end":{"line":42,"column":19}},"42":{"start":{"line":43,"column":0},"end":{"line":43,"column":11}},"43":{"start":{"line":44,"column":0},"end":{"line":44,"column":40}},"44":{"start":{"line":45,"column":0},"end":{"line":45,"column":54}},"45":{"start":{"line":46,"column":0},"end":{"line":46,"column":11}},"46":{"start":{"line":47,"column":0},"end":{"line":47,"column":26}},"47":{"start":{"line":48,"column":0},"end":{"line":48,"column":12}},"48":{"start":{"line":49,"column":0},"end":{"line":49,"column":10}},"49":{"start":{"line":50,"column":0},"end":{"line":50,"column":3}},"50":{"start":{"line":51,"column":0},"end":{"line":51,"column":1}},"51":{"start":{"line":52,"column":0},"end":{"line":52,"column":0}},"52":{"start":{"line":53,"column":0},"end":{"line":53,"column":25}}},"s":{"0":1,"1":1,"2":1,"3":1,"4":20,"5":20,"6":20,"7":20,"8":20,"9":20,"10":20,"11":13,"12":13,"13":2,"14":13,"15":11,"16":11,"17":13,"18":13,"19":13,"20":20,"21":1,"22":1,"23":1,"24":1,"25":1,"26":20,"27":20,"28":20,"29":20,"30":20,"31":20,"32":20,"33":20,"34":20,"35":200,"36":200,"37":200,"38":200,"39":200,"40":200,"41":200,"42":20,"43":20,"44":80,"45":20,"46":20,"47":20,"48":20,"49":20,"50":20,"51":1,"52":1},"branchMap":{"0":{"type":"branch","line":4,"loc":{"start":{"line":4,"column":19},"end":{"line":51,"column":1}},"locations":[{"start":{"line":4,"column":19},"end":{"line":51,"column":1}}]},"1":{"type":"branch","line":11,"loc":{"start":{"line":11,"column":22},"end":{"line":20,"column":3}},"locations":[{"start":{"line":11,"column":22},"end":{"line":20,"column":3}}]},"2":{"type":"branch","line":12,"loc":{"start":{"line":12,"column":20},"end":{"line":18,"column":5}},"locations":[{"start":{"line":12,"column":20},"end":{"line":18,"column":5}}]},"3":{"type":"branch","line":13,"loc":{"start":{"line":13,"column":29},"end":{"line":15,"column":7}},"locations":[{"start":{"line":13,"column":29},"end":{"line":15,"column":7}}]},"4":{"type":"branch","line":15,"loc":{"start":{"line":15,"column":7},"end":{"line":17,"column":7}},"locations":[{"start":{"line":15,"column":7},"end":{"line":17,"column":7}}]},"5":{"type":"branch","line":19,"loc":{"start":{"line":19,"column":25},"end":{"line":19,"column":64}},"locations":[{"start":{"line":19,"column":25},"end":{"line":19,"column":64}}]},"6":{"type":"branch","line":21,"loc":{"start":{"line":21,"column":22},"end":{"line":26,"column":3}},"locations":[{"start":{"line":21,"column":22},"end":{"line":26,"column":3}}]},"7":{"type":"branch","line":35,"loc":{"start":{"line":35,"column":27},"end":{"line":42,"column":19}},"locations":[{"start":{"line":35,"column":27},"end":{"line":42,"column":19}}]},"8":{"type":"branch","line":39,"loc":{"start":{"line":39,"column":21},"end":{"line":39,"column":44}},"locations":[{"start":{"line":39,"column":21},"end":{"line":39,"column":44}}]},"9":{"type":"branch","line":44,"loc":{"start":{"line":44,"column":24},"end":{"line":45,"column":54}},"locations":[{"start":{"line":44,"column":24},"end":{"line":45,"column":54}}]}},"b":{"0":[20],"1":[13],"2":[13],"3":[2],"4":[11],"5":[13],"6":[1],"7":[200],"8":[13],"9":[80]},"fnMap":{"0":{"name":"Calculator","decl":{"start":{"line":4,"column":19},"end":{"line":51,"column":1}},"loc":{"start":{"line":4,"column":19},"end":{"line":51,"column":1}},"line":4},"1":{"name":"handleClick","decl":{"start":{"line":11,"column":22},"end":{"line":20,"column":3}},"loc":{"start":{"line":11,"column":22},"end":{"line":20,"column":3}},"line":11},"2":{"name":"handleClear","decl":{"start":{"line":21,"column":22},"end":{"line":26,"column":3}},"loc":{"start":{"line":21,"column":22},"end":{"line":26,"column":3}},"line":21},"3":{"name":"onClick","decl":{"start":{"line":39,"column":21},"end":{"line":39,"column":44}},"loc":{"start":{"line":39,"column":21},"end":{"line":39,"column":44}},"line":39}},"f":{"0":20,"1":13,"2":1,"3":13}}
}
