TN:
SF:src/components/Calculator.jsx
FN:4,Calculator
FN:11,handleClick
FN:21,handleClear
FN:27,handleOperation
FN:33,handleCalculate
FN:95,onClick
FN:101,onClick
FNF:7
FNH:7
FNDA:56,Calculator
FNDA:29,handleClick
FNDA:1,handleClear
FNDA:7,handleOperation
FNDA:6,handleCalculate
FNDA:29,onClick
FNDA:7,onClick
DA:1,1
DA:2,1
DA:3,1
DA:4,1
DA:5,56
DA:6,56
DA:7,56
DA:8,56
DA:9,56
DA:10,56
DA:11,56
DA:12,29
DA:13,29
DA:14,15
DA:15,29
DA:16,14
DA:17,14
DA:18,29
DA:19,29
DA:20,29
DA:21,56
DA:22,1
DA:23,1
DA:24,1
DA:25,1
DA:26,1
DA:27,56
DA:28,7
DA:29,7
DA:30,7
DA:31,7
DA:32,7
DA:33,56
DA:34,6
DA:35,1
DA:36,1
DA:37,5
DA:38,5
DA:39,5
DA:40,5
DA:41,5
DA:42,5
DA:43,6
DA:44,1
DA:45,1
DA:46,6
DA:47,1
DA:48,1
DA:49,6
DA:50,1
DA:51,1
DA:52,6
DA:53,2
DA:54,1
DA:55,1
DA:56,1
DA:57,1
DA:58,1
DA:59,1
DA:60,1
DA:61,1
DA:62,6
DA:63,6
DA:64,1
DA:65,6
DA:66,4
DA:67,4
DA:68,4
DA:69,4
DA:70,4
DA:71,4
DA:72,4
DA:73,4
DA:74,4
DA:75,4
DA:76,4
DA:77,4
DA:78,4
DA:79,4
DA:80,4
DA:81,56
DA:82,56
DA:83,56
DA:84,56
DA:85,56
DA:86,56
DA:87,56
DA:88,56
DA:89,56
DA:90,56
DA:91,56
DA:92,560
DA:93,560
DA:94,560
DA:95,560
DA:96,560
DA:97,560
DA:98,560
DA:99,56
DA:100,56
DA:101,224
DA:102,224
DA:103,224
DA:104,56
DA:105,56
DA:106,56
DA:107,56
DA:108,56
DA:109,56
DA:110,1
DA:111,1
LF:111
LH:111
BRDA:4,0,0,56
BRDA:11,1,0,29
BRDA:12,2,0,29
BRDA:13,3,0,15
BRDA:15,4,0,14
BRDA:19,5,0,29
BRDA:21,6,0,1
BRDA:27,7,0,7
BRDA:33,8,0,6
BRDA:34,9,0,5
BRDA:34,10,0,1
BRDA:36,11,0,5
BRDA:43,12,0,1
BRDA:46,13,0,1
BRDA:49,14,0,1
BRDA:52,15,0,2
BRDA:53,16,0,1
BRDA:63,17,0,1
BRDA:65,18,0,4
BRDA:91,19,0,560
BRDA:95,20,0,29
BRDA:100,21,0,224
BRDA:101,22,0,7
BRF:23
BRH:23
end_of_record
