TN:
SF:src/components/Calculator.jsx
FN:4,Calculator
FN:11,handleClick
FN:21,handleClear
FN:39,onClick
FNF:4
FNH:4
FNDA:20,Calculator
FNDA:13,handleClick
FNDA:1,handleClear
FNDA:13,onClick
DA:1,1
DA:2,1
DA:3,1
DA:4,1
DA:5,20
DA:6,20
DA:7,20
DA:8,20
DA:9,20
DA:10,20
DA:11,20
DA:12,13
DA:13,13
DA:14,2
DA:15,13
DA:16,11
DA:17,11
DA:18,13
DA:19,13
DA:20,13
DA:21,20
DA:22,1
DA:23,1
DA:24,1
DA:25,1
DA:26,1
DA:27,20
DA:28,20
DA:29,20
DA:30,20
DA:31,20
DA:32,20
DA:33,20
DA:34,20
DA:35,20
DA:36,200
DA:37,200
DA:38,200
DA:39,200
DA:40,200
DA:41,200
DA:42,200
DA:43,20
DA:44,20
DA:45,80
DA:46,20
DA:47,20
DA:48,20
DA:49,20
DA:50,20
DA:51,20
DA:52,1
DA:53,1
LF:53
LH:53
BRDA:4,0,0,20
BRDA:11,1,0,13
BRDA:12,2,0,13
BRDA:13,3,0,2
BRDA:15,4,0,11
BRDA:19,5,0,13
BRDA:21,6,0,1
BRDA:35,7,0,200
BRDA:39,8,0,13
BRDA:44,9,0,80
BRF:10
BRH:10
end_of_record
